C51 COMPILER V9.59.0.0   MAIN                                                              03/11/2019 12:06:05 PAGE 1   


C51 COMPILER V9.59.0.0, COMPILATION OF MODULE MAIN
OBJECT MODULE PLACED IN .\Objects\Main.obj
COMPILER INVOKED BY: C:\Keil_v5\C51\BIN\C51.EXE Main.c OPTIMIZE(8,SPEED) BROWSE DEBUG OBJECTEXTEND PRINT(.\Listings\Main
                    -.lst) TABS(2) OBJECT(.\Objects\Main.obj)

line level    source

   1          #include <REG51F.H>
   2          
   3          sbit P2_0 = P2^0;
   4          sbit P2_1 = P2^1;
   5          
   6          int transicao01(int a, int b){
   7   1        if(a & !b) {
   8   2          //val = P2_1;
   9   2          return 1;
  10   2        }
  11   1        else
  12   1          return 0;
  13   1      }
  14          
  15          void checkbit0(){
  16   1      
  17   1        if(P2_0 == 1)
  18   1        {
  19   2          //P1L = P0L;
  20   2          P1 = (P1 & 0xF0)|(P0 & 0x0F);
  21   2          
  22   2        }
  23   1        else
  24   1        {
  25   2          //P1L = 0;
  26   2          P1 = (P1 & 0xF0);
  27   2          
  28   2        }
  29   1        
  30   1      }
  31              
  32          void checkbit1(){
  33   1        if(P2_1 == 1)
  34   1        {
  35   2          //P1H = P0H;
  36   2          P1 = (P1 & 0x0F)|(P0 & 0xF0);
  37   2          
  38   2        }
  39   1        else
  40   1        {
  41   2          //P1H = 0;
  42   2          P1 = (P1 & 0x0F);
  43   2          
  44   2        }
  45   1        
  46   1      }
  47            
  48          void main()
  49          {
  50   1        int val = P2_1;
  51   1        int estado = 0;
  52   1        while(1)
  53   1        {
  54   2          
C51 COMPILER V9.59.0.0   MAIN                                                              03/11/2019 12:06:05 PAGE 2   

  55   2          switch (estado) {
  56   3            case 0:
  57   3              if (transicao01(P2_1, val)) {
  58   4                P1 = 0x01;
  59   4                val = P2_1;
  60   4                estado = 1;
  61   4              }
  62   3              
  63   3              break;
  64   3            case 1:
  65   3              if (transicao01(P2_1, val)) {
  66   4                P1 = 0x00;
  67   4                val = P2_1;
  68   4                estado = 0;
  69   4              }
  70   3              break;  
  71   3            case 2:
  72   3              val = P2_1;
  73   3              if (transicao01(P2_1, val)) {
  74   4                P1 = 0xF0;
  75   4                estado = 0;
  76   4              }
  77   3              break;
  78   3          }
  79   2          
  80   2          //checkbit0();
  81   2          //checkbit1();
  82   2          
  83   2        }
  84   1        
  85   1      }


MODULE INFORMATION:   STATIC OVERLAYABLE
   CODE SIZE        =    188    ----
   CONSTANT SIZE    =   ----    ----
   XDATA SIZE       =   ----    ----
   PDATA SIZE       =   ----    ----
   DATA SIZE        =   ----       2
   IDATA SIZE       =   ----    ----
   BIT SIZE         =   ----    ----
END OF MODULE INFORMATION.


C51 COMPILATION COMPLETE.  0 WARNING(S),  0 ERROR(S)
