C51 COMPILER V9.59.0.0   MAIN                                                              03/10/2019 16:39:22 PAGE 1   


C51 COMPILER V9.59.0.0, COMPILATION OF MODULE MAIN
OBJECT MODULE PLACED IN .\Objects\Main.obj
COMPILER INVOKED BY: C:\Keil_v5\C51\BIN\C51.EXE Main.c OPTIMIZE(8,SPEED) BROWSE DEBUG OBJECTEXTEND PRINT(.\Listings\Main
                    -.lst) TABS(2) OBJECT(.\Objects\Main.obj)

line level    source

   1          #include <REG51F.H>
   2          
   3          sbit P2_0 = P2^0;
   4          sbit P2_1 = P2^1;
   5          
   6          void checkbit0(){
   7   1      
   8   1        if(P2_0 == 1)
   9   1        {
  10   2          //P1L = P0L;
  11   2          P1 = (P1 & 0xF0)|(P0 & 0x0F);
  12   2          
  13   2        }
  14   1        else
  15   1        {
  16   2          //P1L = 0;
  17   2          P1 = (P1 & 0xF0);
  18   2          
  19   2        }
  20   1        
  21   1      }
  22              
  23          void checkbit1(){
  24   1        if(P2_1 == 1)
  25   1        {
  26   2          //P1H = P0H;
  27   2          P1 = (P1 & 0x0F)|(P0 & 0xF0);
  28   2          
  29   2        }
  30   1        else
  31   1        {
  32   2          //P1H = 0;
  33   2          P1 = (P1 & 0x0F);
  34   2          
  35   2        }
  36   1        
  37   1      }
  38            
  39          void main()
  40          {
  41   1      
  42   1        while(1)
  43   1        {
  44   2          
  45   2          checkbit0();
  46   2          checkbit1();
  47   2          
  48   2        }
  49   1        
  50   1      }


MODULE INFORMATION:   STATIC OVERLAYABLE
   CODE SIZE        =     48    ----
C51 COMPILER V9.59.0.0   MAIN                                                              03/10/2019 16:39:22 PAGE 2   

   CONSTANT SIZE    =   ----    ----
   XDATA SIZE       =   ----    ----
   PDATA SIZE       =   ----    ----
   DATA SIZE        =   ----    ----
   IDATA SIZE       =   ----    ----
   BIT SIZE         =   ----    ----
END OF MODULE INFORMATION.


C51 COMPILATION COMPLETE.  0 WARNING(S),  0 ERROR(S)
